<?xml version="1.0" encoding="UTF-8"?>
<!-- Generated by org.testng.reporters.JUnitXMLReporter -->
<testsuite ignored="0" hostname="ApurvaNaik42" failures="0" tests="3" name="AddProductTest" time="37.015" errors="0" timestamp="2023-02-03T00:20:43 IST">
  <testcase classname="org.example.StandAloneTest" name="addToCartTest" time="4.935"/>
  <testcase classname="org.example.StandAloneTest" name="addToCartTest" time="4.641"/>
  <testcase classname="org.example.StandAloneTest" name="verifyOrderPlacedTest" time="0.805"/>
</testsuite> <!-- AddProductTest -->
