<?xml version="1.0" encoding="UTF-8"?>
<!-- Generated by org.testng.reporters.JUnitXMLReporter -->
<testsuite ignored="1" hostname="ApurvaNaik42" failures="0" tests="2" name="PurchaseOrderTest" time="16.38" errors="0" timestamp="2023-01-30T23:37:07 IST">
  <testcase classname="org.example.StandAloneTest" name="addToCartTest" time="4.04"/>
  <testcase classname="org.example.StandAloneTest" name="addToCartTest" time="4.057"/>
  <testcase classname="org.example.StandAloneTest" name="verifyOrderPlacedTest" time="0.0">
    <ignored/>
  </testcase> <!-- verifyOrderPlacedTest -->
</testsuite> <!-- PurchaseOrderTest -->
